  [1m[35m (1.3ms)[0m  [1m[35mCREATE TABLE "schema_migrations" ("version" varchar NOT NULL PRIMARY KEY) /*application='DejirakuHotel'*/[0m
  [1m[35m (0.3ms)[0m  [1m[35mCREATE TABLE "ar_internal_metadata" ("key" varchar NOT NULL PRIMARY KEY, "value" varchar, "created_at" datetime(6) NOT NULL, "updated_at" datetime(6) NOT NULL) /*application='DejirakuHotel'*/[0m
  [1m[36mActiveRecord::InternalMetadata Load (0.3ms)[0m  [1m[34mSELECT * FROM "ar_internal_metadata" WHERE "ar_internal_metadata"."key" = 'environment' ORDER BY "ar_internal_metadata"."key" ASC LIMIT 1 /*application='DejirakuHotel'*/[0m
  [1m[36mActiveRecord::InternalMetadata Create (0.4ms)[0m  [1m[32mINSERT INTO "ar_internal_metadata" ("key", "value", "created_at", "updated_at") VALUES ('environment', 'development', '2026-01-12 10:33:52.363809', '2026-01-12 10:33:52.363812') RETURNING "key" /*application='DejirakuHotel'*/[0m
  [1m[36mActiveRecord::SchemaMigration Load (0.2ms)[0m  [1m[34mSELECT "schema_migrations"."version" FROM "schema_migrations" ORDER BY "schema_migrations"."version" ASC /*application='DejirakuHotel'*/[0m
Migrating to CreateRooms (20260112103338)
  [1m[36mTRANSACTION (0.1ms)[0m  [1m[35mBEGIN immediate TRANSACTION /*application='DejirakuHotel'*/[0m
  [1m[35m (2.3ms)[0m  [1m[35mCREATE TABLE "rooms" ("id" integer PRIMARY KEY AUTOINCREMENT NOT NULL, "name" varchar, "description" text, "price" integer, "created_at" datetime(6) NOT NULL, "updated_at" datetime(6) NOT NULL) /*application='DejirakuHotel'*/[0m
  [1m[36mActiveRecord::SchemaMigration Create (0.2ms)[0m  [1m[32mINSERT INTO "schema_migrations" ("version") VALUES ('20260112103338') RETURNING "version" /*application='DejirakuHotel'*/[0m
  [1m[36mTRANSACTION (0.2ms)[0m  [1m[35mCOMMIT TRANSACTION /*application='DejirakuHotel'*/[0m
  [1m[36mActiveRecord::SchemaMigration Load (0.1ms)[0m  [1m[34mSELECT "schema_migrations"."version" FROM "schema_migrations" ORDER BY "schema_migrations"."version" ASC /*application='DejirakuHotel'*/[0m
Started GET "/rooms" for ::1 at 2026-01-12 19:35:05 +0900
Started GET "/rooms" for ::1 at 2026-01-12 19:37:30 +0900
  [1m[36mActiveRecord::SchemaMigration Load (0.2ms)[0m  [1m[34mSELECT "schema_migrations"."version" FROM "schema_migrations" ORDER BY "schema_migrations"."version" ASC /*application='DejirakuHotel'*/[0m
  
ActionController::RoutingError (No route matches [GET] "/rooms"):
  
Processing by RoomsController#index as HTML
  Rendering layout layouts/application.html.erb
  Rendering rooms/index.html.erb within layouts/application
  [1m[36mRoom Load (2.4ms)[0m  [1m[34mSELECT "rooms".* FROM "rooms" /*action='index',application='DejirakuHotel',controller='rooms'*/[0m
  â†³ app/views/rooms/index.html.erb:9
  Rendered rooms/index.html.erb within layouts/application (Duration: 6.5ms | GC: 0.0ms)
  Rendered layout layouts/application.html.erb (Duration: 17.2ms | GC: 0.0ms)
Completed 200 OK in 309ms (Views: 26.3ms | ActiveRecord: 3.9ms (1 query, 0 cached) | GC: 0.0ms)


Started GET "/rooms" for ::1 at 2026-01-12 20:01:04 +0900
Started GET "/rooms" for ::1 at 2026-01-12 20:04:07 +0900
Started GET "/rooms/new" for ::1 at 2026-01-12 20:04:07 +0900
Processing by RoomsController#index as HTML
  Rendering layout layouts/application.html.erb
  Rendering rooms/index.html.erb within layouts/application
Processing by RoomsController#new as HTML
Processing by RoomsController#index as HTML
  Rendering layout layouts/application.html.erb
  Rendering rooms/index.html.erb within layouts/application
  Rendering layout layouts/application.html.erb
  Rendering rooms/new.html.erb within layouts/application
  [1m[36mRoom Load (0.2ms)[0m  [1m[34mSELECT "rooms".* FROM "rooms" /*action='index',application='DejirakuHotel',controller='rooms'*/[0m
  â†³ app/views/rooms/index.html.erb:9
  Rendered rooms/index.html.erb within layouts/application (Duration: 383.7ms | GC: 0.0ms)
  Rendered layout layouts/application.html.erb (Duration: 385.5ms | GC: 0.0ms)
Completed 200 OK in 395ms (Views: 388.3ms | ActiveRecord: 0.2ms (1 query, 0 cached) | GC: 0.0ms)


  [1m[36mRoom Load (1.5ms)[0m  [1m[34mSELECT "rooms".* FROM "rooms" /*action='index',application='DejirakuHotel',controller='rooms'*/[0m
  â†³ app/views/rooms/index.html.erb:9
  Rendered rooms/index.html.erb within layouts/application (Duration: 362.0ms | GC: 0.0ms)
  Rendered layout layouts/application.html.erb (Duration: 363.9ms | GC: 0.0ms)
Completed 200 OK in 381ms (Views: 364.2ms | ActiveRecord: 1.5ms (1 query, 0 cached) | GC: 0.0ms)


  Rendered rooms/_form.html.erb (Duration: 348.5ms | GC: 0.0ms)
  Rendered rooms/new.html.erb within layouts/application (Duration: 363.0ms | GC: 0.0ms)
  Rendered layout layouts/application.html.erb (Duration: 364.4ms | GC: 0.0ms)
Completed 200 OK in 388ms (Views: 365.7ms | ActiveRecord: 3.7ms (0 queries, 0 cached) | GC: 0.0ms)


Started GET "/rooms/new" for ::1 at 2026-01-12 20:04:07 +0900
Started GET "/rooms/new" for ::1 at 2026-01-12 20:04:07 +0900
Started GET "/rooms/new" for ::1 at 2026-01-12 20:04:07 +0900
Processing by RoomsController#new as HTML
Processing by RoomsController#new as HTML
  Rendering layout layouts/application.html.erb
  Rendering rooms/new.html.erb within layouts/application
  Rendered rooms/_form.html.erb (Duration: 1.3ms | GC: 0.0ms)
  Rendered rooms/new.html.erb within layouts/application (Duration: 3.1ms | GC: 0.0ms)
  Rendered layout layouts/application.html.erb (Duration: 5.8ms | GC: 0.0ms)
Completed 200 OK in 12ms (Views: 8.5ms | ActiveRecord: 0.0ms (0 queries, 0 cached) | GC: 0.0ms)


  Rendering layout layouts/application.html.erb
  Rendering rooms/new.html.erb within layouts/application
  Rendered rooms/_form.html.erb (Duration: 1.5ms | GC: 0.0ms)
  Rendered rooms/new.html.erb within layouts/application (Duration: 2.3ms | GC: 0.0ms)
  Rendered layout layouts/application.html.erb (Duration: 4.8ms | GC: 0.0ms)
Completed 200 OK in 15ms (Views: 8.6ms | ActiveRecord: 0.0ms (0 queries, 0 cached) | GC: 0.0ms)


Processing by RoomsController#new as HTML
  Rendering layout layouts/application.html.erb
  Rendering rooms/new.html.erb within layouts/application
  Rendered rooms/_form.html.erb (Duration: 1.2ms | GC: 0.0ms)
  Rendered rooms/new.html.erb within layouts/application (Duration: 2.3ms | GC: 0.0ms)
  Rendered layout layouts/application.html.erb (Duration: 6.0ms | GC: 0.0ms)
Completed 200 OK in 12ms (Views: 8.0ms | ActiveRecord: 0.0ms (0 queries, 0 cached) | GC: 0.0ms)


Started GET "/rooms/new" for ::1 at 2026-01-12 20:04:07 +0900
Started GET "/rooms/new" for ::1 at 2026-01-12 20:04:07 +0900
Started GET "/rooms/new" for ::1 at 2026-01-12 20:04:07 +0900
Processing by RoomsController#new as HTML
Processing by RoomsController#new as HTML
  Rendering layout layouts/application.html.erb
  Rendering rooms/new.html.erb within layouts/application
  Rendered rooms/_form.html.erb (Duration: 2.5ms | GC: 0.0ms)
  Rendered rooms/new.html.erb within layouts/application (Duration: 3.8ms | GC: 0.0ms)
  Rendered layout layouts/application.html.erb (Duration: 6.0ms | GC: 0.0ms)
Completed 200 OK in 13ms (Views: 7.5ms | ActiveRecord: 0.0ms (0 queries, 0 cached) | GC: 0.0ms)


  Rendering layout layouts/application.html.erb
  Rendering rooms/new.html.erb within layouts/application
  Rendered rooms/_form.html.erb (Duration: 1.2ms | GC: 0.0ms)
  Rendered rooms/new.html.erb within layouts/application (Duration: 2.2ms | GC: 0.0ms)
  Rendered layout layouts/application.html.erb (Duration: 3.7ms | GC: 0.0ms)
Completed 200 OK in 16ms (Views: 8.5ms | ActiveRecord: 0.0ms (0 queries, 0 cached) | GC: 0.0ms)


Processing by RoomsController#new as HTML
  Rendering layout layouts/application.html.erb
  Rendering rooms/new.html.erb within layouts/application
  Rendered rooms/_form.html.erb (Duration: 1.3ms | GC: 0.0ms)
  Rendered rooms/new.html.erb within layouts/application (Duration: 2.7ms | GC: 0.0ms)
  Rendered layout layouts/application.html.erb (Duration: 5.1ms | GC: 0.0ms)
Completed 200 OK in 11ms (Views: 6.5ms | ActiveRecord: 0.0ms (0 queries, 0 cached) | GC: 0.0ms)


Started GET "/rooms" for ::1 at 2026-01-12 20:04:07 +0900
Processing by RoomsController#index as HTML
  Rendering layout layouts/application.html.erb
  Rendering rooms/index.html.erb within layouts/application
  [1m[36mRoom Load (0.2ms)[0m  [1m[34mSELECT "rooms".* FROM "rooms" /*action='index',application='DejirakuHotel',controller='rooms'*/[0m
  â†³ app/views/rooms/index.html.erb:9
  Rendered rooms/index.html.erb within layouts/application (Duration: 2.7ms | GC: 0.0ms)
  Rendered layout layouts/application.html.erb (Duration: 3.9ms | GC: 0.0ms)
Completed 200 OK in 8ms (Views: 4.7ms | ActiveRecord: 0.2ms (1 query, 0 cached) | GC: 0.0ms)


Started GET "/rooms" for ::1 at 2026-01-12 20:04:12 +0900
Processing by RoomsController#index as HTML
  Rendering layout layouts/application.html.erb
  Rendering rooms/index.html.erb within layouts/application
  [1m[36mRoom Load (0.3ms)[0m  [1m[34mSELECT "rooms".* FROM "rooms" /*action='index',application='DejirakuHotel',controller='rooms'*/[0m
  â†³ app/views/rooms/index.html.erb:9
  Rendered rooms/index.html.erb within layouts/application (Duration: 5.8ms | GC: 0.0ms)
  Rendered layout layouts/application.html.erb (Duration: 8.7ms | GC: 0.0ms)
Completed 200 OK in 21ms (Views: 11.5ms | ActiveRecord: 0.2ms (1 query, 0 cached) | GC: 0.0ms)


Started GET "/rooms/new" for ::1 at 2026-01-12 20:04:13 +0900
Processing by RoomsController#new as HTML
  Rendering layout layouts/application.html.erb
  Rendering rooms/new.html.erb within layouts/application
  Rendered rooms/_form.html.erb (Duration: 2.4ms | GC: 0.0ms)
  Rendered rooms/new.html.erb within layouts/application (Duration: 3.1ms | GC: 0.0ms)
  Rendered layout layouts/application.html.erb (Duration: 4.6ms | GC: 0.0ms)
Completed 200 OK in 12ms (Views: 6.6ms | ActiveRecord: 0.0ms (0 queries, 0 cached) | GC: 0.0ms)


Started POST "/rooms" for ::1 at 2026-01-12 20:04:53 +0900
Processing by RoomsController#create as HTML
  Parameters: {"authenticity_token" => "[FILTERED]", "room" => {"name" => "ãƒ‡ãƒ©ãƒƒã‚¯ã‚¹ã‚ªãƒ¼ã‚·ãƒ£ãƒ³ãƒ“ãƒ¥ãƒ¼", "description" => "ç¾Žã—ã„æµ·ãŒè¦‹ãˆã‚‹æœ€é«˜ã®å®¢å®¤ã§ã™ã€‚", "price" => "35000"}, "commit" => "Create Room"}
  [1m[36mTRANSACTION (0.3ms)[0m  [1m[35mBEGIN immediate TRANSACTION /*action='create',application='DejirakuHotel',controller='rooms'*/[0m
  â†³ app/controllers/rooms_controller.rb:27:in 'block in RoomsController#create'
  [1m[36mRoom Create (6.5ms)[0m  [1m[32mINSERT INTO "rooms" ("name", "description", "price", "created_at", "updated_at") VALUES ('ãƒ‡ãƒ©ãƒƒã‚¯ã‚¹ã‚ªãƒ¼ã‚·ãƒ£ãƒ³ãƒ“ãƒ¥ãƒ¼', 'ç¾Žã—ã„æµ·ãŒè¦‹ãˆã‚‹æœ€é«˜ã®å®¢å®¤ã§ã™ã€‚', 35000, '2026-01-12 11:04:53.421264', '2026-01-12 11:04:53.421264') RETURNING "id" /*action='create',application='DejirakuHotel',controller='rooms'*/[0m
  â†³ app/controllers/rooms_controller.rb:27:in 'block in RoomsController#create'
  [1m[36mTRANSACTION (2.4ms)[0m  [1m[35mCOMMIT TRANSACTION /*action='create',application='DejirakuHotel',controller='rooms'*/[0m
  â†³ app/controllers/rooms_controller.rb:27:in 'block in RoomsController#create'
Redirected to http://localhost:3000/rooms/1
â†³ app/controllers/rooms_controller.rb:28:in 'block (2 levels) in RoomsController#create'
Completed 302 Found in 79ms (ActiveRecord: 9.2ms (1 query, 0 cached) | GC: 0.0ms)


Started GET "/rooms/1" for ::1 at 2026-01-12 20:04:53 +0900
Processing by RoomsController#show as HTML
  Parameters: {"id" => "1"}
  [1m[36mRoom Load (0.2ms)[0m  [1m[34mSELECT "rooms".* FROM "rooms" WHERE "rooms"."id" = 1 LIMIT 1 /*action='show',application='DejirakuHotel',controller='rooms'*/[0m
  â†³ app/controllers/rooms_controller.rb:63:in 'RoomsController#set_room'
  Rendering layout layouts/application.html.erb
  Rendering rooms/show.html.erb within layouts/application
  Rendered rooms/_room.html.erb (Duration: 0.7ms | GC: 0.0ms)
  Rendered rooms/show.html.erb within layouts/application (Duration: 37.6ms | GC: 0.0ms)
  Rendered layout layouts/application.html.erb (Duration: 41.1ms | GC: 0.0ms)
Completed 200 OK in 99ms (Views: 44.1ms | ActiveRecord: 0.2ms (1 query, 0 cached) | GC: 0.0ms)


Started GET "/rooms/1" for ::1 at 2026-01-12 20:08:17 +0900
  [1m[36mActiveRecord::SchemaMigration Load (0.3ms)[0m  [1m[34mSELECT "schema_migrations"."version" FROM "schema_migrations" ORDER BY "schema_migrations"."version" ASC /*application='DejirakuHotel'*/[0m
Processing by RoomsController#show as HTML
  Parameters: {"id" => "1"}
  [1m[36mRoom Load (0.3ms)[0m  [1m[34mSELECT "rooms".* FROM "rooms" WHERE "rooms"."id" = 1 LIMIT 1 /*action='show',application='DejirakuHotel',controller='rooms'*/[0m
  â†³ app/controllers/rooms_controller.rb:63:in 'RoomsController#set_room'
  Rendering layout layouts/application.html.erb
  Rendering rooms/show.html.erb within layouts/application
  Rendered rooms/_room.html.erb (Duration: 1.1ms | GC: 0.0ms)
  Rendered rooms/show.html.erb within layouts/application (Duration: 27.2ms | GC: 0.0ms)
  Rendered layout layouts/application.html.erb (Duration: 46.5ms | GC: 0.0ms)
Completed 200 OK in 1315ms (Views: 171.4ms | ActiveRecord: 4.6ms (1 query, 0 cached) | GC: 0.0ms)


Started GET "/rooms" for ::1 at 2026-01-12 20:08:46 +0900
Processing by RoomsController#index as HTML
  Rendering layout layouts/application.html.erb
  Rendering rooms/index.html.erb within layouts/application
  [1m[36mRoom Load (0.2ms)[0m  [1m[34mSELECT "rooms".* FROM "rooms" /*action='index',application='DejirakuHotel',controller='rooms'*/[0m
  â†³ app/views/rooms/index.html.erb:9
  Rendered rooms/_room.html.erb (Duration: 0.1ms | GC: 0.0ms)
  Rendered rooms/index.html.erb within layouts/application (Duration: 8.9ms | GC: 0.0ms)
  Rendered layout layouts/application.html.erb (Duration: 12.5ms | GC: 0.0ms)
Completed 200 OK in 32ms (Views: 20.6ms | ActiveRecord: 0.2ms (1 query, 0 cached) | GC: 0.0ms)


Started GET "/rooms" for ::1 at 2026-01-12 20:12:02 +0900
Processing by RoomsController#index as HTML
  Rendering layout layouts/application.html.erb
  Rendering rooms/index.html.erb within layouts/application
  [1m[36mRoom Load (0.2ms)[0m  [1m[34mSELECT "rooms".* FROM "rooms" /*action='index',application='DejirakuHotel',controller='rooms'*/[0m
  â†³ app/views/rooms/index.html.erb:9
  Rendered rooms/_room.html.erb (Duration: 0.1ms | GC: 0.0ms)
  Rendered rooms/index.html.erb within layouts/application (Duration: 7.6ms | GC: 0.0ms)
  Rendered layout layouts/application.html.erb (Duration: 10.4ms | GC: 0.0ms)
Completed 200 OK in 19ms (Views: 13.0ms | ActiveRecord: 0.2ms (1 query, 0 cached) | GC: 0.0ms)


Started GET "/rooms" for ::1 at 2026-01-12 20:12:03 +0900
Processing by RoomsController#index as HTML
  Rendering layout layouts/application.html.erb
  Rendering rooms/index.html.erb within layouts/application
  [1m[36mRoom Load (0.2ms)[0m  [1m[34mSELECT "rooms".* FROM "rooms" /*action='index',application='DejirakuHotel',controller='rooms'*/[0m
  â†³ app/views/rooms/index.html.erb:9
  Rendered rooms/_room.html.erb (Duration: 0.1ms | GC: 0.0ms)
  Rendered rooms/index.html.erb within layouts/application (Duration: 7.6ms | GC: 0.0ms)
  Rendered layout layouts/application.html.erb (Duration: 9.7ms | GC: 0.0ms)
Completed 200 OK in 18ms (Views: 12.5ms | ActiveRecord: 0.2ms (1 query, 0 cached) | GC: 0.0ms)


Started GET "/rooms" for ::1 at 2026-01-12 20:12:03 +0900
Processing by RoomsController#index as HTML
  Rendering layout layouts/application.html.erb
  Rendering rooms/index.html.erb within layouts/application
  [1m[36mRoom Load (0.4ms)[0m  [1m[34mSELECT "rooms".* FROM "rooms" /*action='index',application='DejirakuHotel',controller='rooms'*/[0m
  â†³ app/views/rooms/index.html.erb:9
  Rendered rooms/_room.html.erb (Duration: 0.1ms | GC: 0.0ms)
  Rendered rooms/index.html.erb within layouts/application (Duration: 8.2ms | GC: 0.0ms)
  Rendered layout layouts/application.html.erb (Duration: 10.9ms | GC: 0.0ms)
Completed 200 OK in 24ms (Views: 16.0ms | ActiveRecord: 0.4ms (1 query, 0 cached) | GC: 0.0ms)


Started GET "/rooms" for ::1 at 2026-01-12 20:12:03 +0900
Processing by RoomsController#index as HTML
  Rendering layout layouts/application.html.erb
  Rendering rooms/index.html.erb within layouts/application
  [1m[36mRoom Load (0.2ms)[0m  [1m[34mSELECT "rooms".* FROM "rooms" /*action='index',application='DejirakuHotel',controller='rooms'*/[0m
  â†³ app/views/rooms/index.html.erb:9
  Rendered rooms/_room.html.erb (Duration: 0.2ms | GC: 0.0ms)
  Rendered rooms/index.html.erb within layouts/application (Duration: 7.8ms | GC: 0.0ms)
  Rendered layout layouts/application.html.erb (Duration: 14.5ms | GC: 0.0ms)
Completed 200 OK in 26ms (Views: 18.6ms | ActiveRecord: 0.2ms (1 query, 0 cached) | GC: 0.0ms)


Started GET "/rooms" for ::1 at 2026-01-12 20:12:25 +0900
Processing by RoomsController#index as HTML
  Rendering layout layouts/application.html.erb
  Rendering rooms/index.html.erb within layouts/application
  [1m[36mRoom Load (0.2ms)[0m  [1m[34mSELECT "rooms".* FROM "rooms" /*action='index',application='DejirakuHotel',controller='rooms'*/[0m
  â†³ app/views/rooms/index.html.erb:9
  Rendered rooms/_room.html.erb (Duration: 0.1ms | GC: 0.0ms)
  Rendered rooms/index.html.erb within layouts/application (Duration: 2.8ms | GC: 0.0ms)
  Rendered layout layouts/application.html.erb (Duration: 4.0ms | GC: 0.0ms)
Completed 200 OK in 9ms (Views: 4.7ms | ActiveRecord: 0.2ms (1 query, 0 cached) | GC: 0.0ms)


Started GET "/rooms/new" for ::1 at 2026-01-12 20:12:36 +0900
Processing by RoomsController#new as HTML
  Rendering layout layouts/application.html.erb
  Rendering rooms/new.html.erb within layouts/application
  Rendered rooms/_form.html.erb (Duration: 319.4ms | GC: 0.0ms)
  Rendered rooms/new.html.erb within layouts/application (Duration: 325.5ms | GC: 0.0ms)
  Rendered layout layouts/application.html.erb (Duration: 328.2ms | GC: 0.0ms)
Completed 200 OK in 338ms (Views: 330.4ms | ActiveRecord: 0.0ms (0 queries, 0 cached) | GC: 0.0ms)


Started GET "/rooms" for ::1 at 2026-01-12 20:12:43 +0900
Processing by RoomsController#index as HTML
  Rendering layout layouts/application.html.erb
  Rendering rooms/index.html.erb within layouts/application
  [1m[36mRoom Load (0.2ms)[0m  [1m[34mSELECT "rooms".* FROM "rooms" /*action='index',application='DejirakuHotel',controller='rooms'*/[0m
  â†³ app/views/rooms/index.html.erb:9
  Rendered rooms/_room.html.erb (Duration: 0.1ms | GC: 0.0ms)
  Rendered rooms/index.html.erb within layouts/application (Duration: 5.6ms | GC: 0.0ms)
  Rendered layout layouts/application.html.erb (Duration: 7.6ms | GC: 0.0ms)
Completed 200 OK in 13ms (Views: 9.3ms | ActiveRecord: 0.2ms (1 query, 0 cached) | GC: 0.0ms)


Started GET "/rooms" for ::1 at 2026-01-12 20:19:40 +0900
  [1m[36mActiveRecord::SchemaMigration Load (0.3ms)[0m  [1m[34mSELECT "schema_migrations"."version" FROM "schema_migrations" ORDER BY "schema_migrations"."version" ASC /*application='DejirakuHotel'*/[0m
Processing by RoomsController#index as HTML
  Rendering layout layouts/application.html.erb
  Rendering rooms/index.html.erb within layouts/application
  [1m[36mRoom Load (1.8ms)[0m  [1m[34mSELECT "rooms".* FROM "rooms" /*action='index',application='DejirakuHotel',controller='rooms'*/[0m
  â†³ app/views/rooms/index.html.erb:7
  Rendered rooms/_room.html.erb (Duration: 0.6ms | GC: 0.0ms)
  Rendered rooms/index.html.erb within layouts/application (Duration: 34.9ms | GC: 0.0ms)
  Rendered layout layouts/application.html.erb (Duration: 192.5ms | GC: 0.0ms)
Completed 200 OK in 1320ms (Views: 281.5ms | ActiveRecord: 3.5ms (1 query, 0 cached) | GC: 0.0ms)


Started GET "/rooms" for ::1 at 2026-01-12 20:20:44 +0900
Processing by RoomsController#index as HTML
  Rendering layout layouts/application.html.erb
  Rendering rooms/index.html.erb within layouts/application
  [1m[36mRoom Load (2.9ms)[0m  [1m[34mSELECT "rooms".* FROM "rooms" /*action='index',application='DejirakuHotel',controller='rooms'*/[0m
  â†³ app/views/rooms/index.html.erb:7
  Rendered rooms/_room.html.erb (Duration: 61.5ms | GC: 0.0ms)
  Rendered rooms/index.html.erb within layouts/application (Duration: 81.3ms | GC: 0.0ms)
  Rendered layout layouts/application.html.erb (Duration: 84.8ms | GC: 0.0ms)
Completed 200 OK in 103ms (Views: 90.7ms | ActiveRecord: 3.7ms (1 query, 0 cached) | GC: 0.0ms)


Started GET "/.well-known/appspecific/com.chrome.devtools.json" for ::1 at 2026-01-12 20:21:59 +0900
  
ActionController::RoutingError (No route matches [GET] "/.well-known/appspecific/com.chrome.devtools.json"):
  
Started GET "/rooms" for ::1 at 2026-01-12 20:46:49 +0900
Processing by RoomsController#index as HTML
  Rendering layout layouts/application.html.erb
  Rendering rooms/index.html.erb within layouts/application
  Rendered rooms/index.html.erb within layouts/application (Duration: 0.6ms | GC: 0.0ms)
  Rendered layout layouts/application.html.erb (Duration: 3.7ms | GC: 0.0ms)
Completed 200 OK in 24ms (Views: 13.5ms | ActiveRecord: 0.0ms (0 queries, 0 cached) | GC: 0.0ms)


Started GET "/.well-known/appspecific/com.chrome.devtools.json" for ::1 at 2026-01-12 20:46:49 +0900
  
ActionController::RoutingError (No route matches [GET] "/.well-known/appspecific/com.chrome.devtools.json"):
  
Started GET "/.well-known/appspecific/com.chrome.devtools.json" for ::1 at 2026-01-12 20:50:32 +0900
  
ActionController::RoutingError (No route matches [GET] "/.well-known/appspecific/com.chrome.devtools.json"):
  
Started GET "/.well-known/appspecific/com.chrome.devtools.json" for ::1 at 2026-01-12 20:50:32 +0900
  
ActionController::RoutingError (No route matches [GET] "/.well-known/appspecific/com.chrome.devtools.json"):
  
